# JRE version: OpenJDK Runtime Environment Temurin-21.0.8+9 (21.0.8+9) (build 21.0.8+9-LTS)
# Java VM: OpenJDK 64-Bit Server VM Temurin-21.0.8+9 (21.0.8+9-LTS, mixed mode, sharing, tiered, compressed oops, compressed class ptrs, parallel gc, windows-amd64)
GC Precious Log:
 CardTable entry size: 512
 CPUs: 4 total, 4 available
 Memory: 3902M
 Large Page Support: Disabled
 NUMA Support: Disabled
 Compressed Oops: Enabled (32-bit)
 Alignments: Space 512K, Generation 512K, Heap 2M
 Heap Min Capacity: 100M
 Heap Initial Capacity: 100M
 Heap Max Capacity: 2G
 Pre-touch: Disabled
 Parallel Workers: 4
Heap:
 PSYoungGen      total 2560K, used 1766K [0x00000000d5580000, 0x00000000d5980000, 0x0000000100000000)
  eden space 2048K, 79% used [0x00000000d5580000,0x00000000d57198b0,0x00000000d5780000)
  from space 512K, 25% used [0x00000000d5900000,0x00000000d5920000,0x00000000d5980000)
  to   space 512K, 0% used [0x00000000d5880000,0x00000000d5880000,0x00000000d5900000)
 ParOldGen       total 723456K, used 722995K [0x0000000080000000, 0x00000000ac280000, 0x00000000d5580000)
  object space 723456K, 99% used [0x0000000080000000,0x00000000ac20ce40,0x00000000ac280000)
 Metaspace       used 86519K, committed 88064K, reserved 1179648K
  class space    used 8663K, committed 9344K, reserved 1048576K
GC Heap History (20 events):
Event: 17800.253 GC heap before
{Heap before GC invocations=2826 (full 6):
 PSYoungGen      total 2048K, used 2026K [0x00000000d5580000, 0x00000000d5980000, 0x0000000100000000)
  eden space 1536K, 100% used [0x00000000d5580000,0x00000000d5700000,0x00000000d5700000)
  from space 512K, 95% used [0x00000000d5900000,0x00000000d597a818,0x00000000d5980000)
  to   space 1024K, 0% used [0x00000000d5780000,0x00000000d5780000,0x00000000d5880000)
 ParOldGen       total 717824K, used 717438K [0x0000000080000000, 0x00000000abd00000, 0x00000000d5580000)
  object space 717824K, 99% used [0x0000000080000000,0x00000000abc9f930,0x00000000abd00000)
 Metaspace       used 86481K, committed 88000K, reserved 1179648K
  class space    used 8663K, committed 9344K, reserved 1048576K
}
Event: 17800.262 GC heap after
{Heap after GC invocations=2826 (full 6):
 PSYoungGen      total 3072K, used 522K [0x00000000d5580000, 0x00000000d5980000, 0x0000000100000000)
  eden space 2048K, 0% used [0x00000000d5580000,0x00000000d5580000,0x00000000d5780000)
  from space 1024K, 50% used [0x00000000d5780000,0x00000000d5802818,0x00000000d5880000)
  to   space 1024K, 0% used [0x00000000d5880000,0x00000000d5880000,0x00000000d5980000)
 ParOldGen       total 717824K, used 717562K [0x0000000080000000, 0x00000000abd00000, 0x00000000d5580000)
  object space 717824K, 99% used [0x0000000080000000,0x00000000abcbebb0,0x00000000abd00000)
 Metaspace       used 86481K, committed 88000K, reserved 1179648K
  class space    used 8663K, committed 9344K, reserved 1048576K
}
Event: 17800.297 GC heap before
{Heap before GC invocations=2827 (full 6):
 PSYoungGen      total 3072K, used 2570K [0x00000000d5580000, 0x00000000d5980000, 0x0000000100000000)
  eden space 2048K, 100% used [0x00000000d5580000,0x00000000d5780000,0x00000000d5780000)
  from space 1024K, 50% used [0x00000000d5780000,0x00000000d5802818,0x00000000d5880000)
  to   space 1024K, 0% used [0x00000000d5880000,0x00000000d5880000,0x00000000d5980000)
 ParOldGen       total 717824K, used 717562K [0x0000000080000000, 0x00000000abd00000, 0x00000000d5580000)
  object space 717824K, 99% used [0x0000000080000000,0x00000000abcbebb0,0x00000000abd00000)
 Metaspace       used 86481K, committed 88000K, reserved 1179648K
  class space    used 8663K, committed 9344K, reserved 1048576K
}
Event: 17800.305 GC heap after
{Heap after GC invocations=2827 (full 6):
 PSYoungGen      total 2048K, used 992K [0x00000000d5580000, 0x00000000d5c00000, 0x0000000100000000)
  eden space 1024K, 0% used [0x00000000d5580000,0x00000000d5580000,0x00000000d5680000)
  from space 1024K, 96% used [0x00000000d5880000,0x00000000d5978030,0x00000000d5980000)
  to   space 2048K, 0% used [0x00000000d5680000,0x00000000d5680000,0x00000000d5880000)
 ParOldGen       total 718336K, used 718049K [0x0000000080000000, 0x00000000abd80000, 0x00000000d5580000)
  object space 718336K, 99% used [0x0000000080000000,0x00000000abd38560,0x00000000abd80000)
 Metaspace       used 86481K, committed 88000K, reserved 1179648K
  class space    used 8663K, committed 9344K, reserved 1048576K
}
Event: 17800.320 GC heap before
{Heap before GC invocations=2828 (full 6):
 PSYoungGen      total 2048K, used 2016K [0x00000000d5580000, 0x00000000d5c00000, 0x0000000100000000)
  eden space 1024K, 100% used [0x00000000d5580000,0x00000000d5680000,0x00000000d5680000)
  from space 1024K, 96% used [0x00000000d5880000,0x00000000d5978030,0x00000000d5980000)
  to   space 2048K, 0% used [0x00000000d5680000,0x00000000d5680000,0x00000000d5880000)
 ParOldGen       total 718336K, used 718049K [0x0000000080000000, 0x00000000abd80000, 0x00000000d5580000)
  object space 718336K, 99% used [0x0000000080000000,0x00000000abd38560,0x00000000abd80000)
 Metaspace       used 86481K, committed 88000K, reserved 1179648K
  class space    used 8663K, committed 9344K, reserved 1048576K
}
Event: 17800.330 GC heap after
{Heap after GC invocations=2828 (full 6):
 PSYoungGen      total 2048K, used 576K [0x00000000d5580000, 0x00000000d5900000, 0x0000000100000000)
  eden space 1024K, 0% used [0x00000000d5580000,0x00000000d5580000,0x00000000d5680000)
  from space 1024K, 56% used [0x00000000d5680000,0x00000000d5710000,0x00000000d5780000)
  to   space 1024K, 0% used [0x00000000d5800000,0x00000000d5800000,0x00000000d5900000)
 ParOldGen       total 719360K, used 718910K [0x0000000080000000, 0x00000000abe80000, 0x00000000d5580000)
  object space 719360K, 99% used [0x0000000080000000,0x00000000abe0fa28,0x00000000abe80000)
 Metaspace       used 86481K, committed 88000K, reserved 1179648K
  class space    used 8663K, committed 9344K, reserved 1048576K
}
Event: 17800.393 GC heap before
{Heap before GC invocations=2829 (full 6):
 PSYoungGen      total 2048K, used 1600K [0x00000000d5580000, 0x00000000d5900000, 0x0000000100000000)
  eden space 1024K, 100% used [0x00000000d5580000,0x00000000d5680000,0x00000000d5680000)
  from space 1024K, 56% used [0x00000000d5680000,0x00000000d5710000,0x00000000d5780000)
  to   space 1024K, 0% used [0x00000000d5800000,0x00000000d5800000,0x00000000d5900000)
 ParOldGen       total 719360K, used 718910K [0x0000000080000000, 0x00000000abe80000, 0x00000000d5580000)
  object space 719360K, 99% used [0x0000000080000000,0x00000000abe0fa28,0x00000000abe80000)
 Metaspace       used 86481K, committed 88000K, reserved 1179648K
  class space    used 8663K, committed 9344K, reserved 1048576K
}
Event: 17800.399 GC heap after
{Heap after GC invocations=2829 (full 6):
 PSYoungGen      total 2560K, used 544K [0x00000000d5580000, 0x00000000d5900000, 0x0000000100000000)
  eden space 1536K, 0% used [0x00000000d5580000,0x00000000d5580000,0x00000000d5700000)
  from space 1024K, 53% used [0x00000000d5800000,0x00000000d5888000,0x00000000d5900000)
  to   space 1024K, 0% used [0x00000000d5700000,0x00000000d5700000,0x00000000d5800000)
 ParOldGen       total 719872K, used 719406K [0x0000000080000000, 0x00000000abf00000, 0x00000000d5580000)
  object space 719872K, 99% used [0x0000000080000000,0x00000000abe8ba48,0x00000000abf00000)
 Metaspace       used 86481K, committed 88000K, reserved 1179648K
  class space    used 8663K, committed 9344K, reserved 1048576K
}
Event: 17800.417 GC heap before
{Heap before GC invocations=2830 (full 6):
 PSYoungGen      total 2560K, used 2080K [0x00000000d5580000, 0x00000000d5900000, 0x0000000100000000)
  eden space 1536K, 100% used [0x00000000d5580000,0x00000000d5700000,0x00000000d5700000)
  from space 1024K, 53% used [0x00000000d5800000,0x00000000d5888000,0x00000000d5900000)
  to   space 1024K, 0% used [0x00000000d5700000,0x00000000d5700000,0x00000000d5800000)
 ParOldGen       total 719872K, used 719406K [0x0000000080000000, 0x00000000abf00000, 0x00000000d5580000)
  object space 719872K, 99% used [0x0000000080000000,0x00000000abe8ba48,0x00000000abf00000)
 Metaspace       used 86481K, committed 88000K, reserved 1179648K
  class space    used 8663K, committed 9344K, reserved 1048576K
}
Event: 17800.423 GC heap after
{Heap after GC invocations=2830 (full 6):
 PSYoungGen      total 2560K, used 1002K [0x00000000d5580000, 0x00000000d5b80000, 0x0000000100000000)
  eden space 1536K, 0% used [0x00000000d5580000,0x00000000d5580000,0x00000000d5700000)
  from space 1024K, 97% used [0x00000000d5700000,0x00000000d57fa838,0x00000000d5800000)
  to   space 2048K, 0% used [0x00000000d5980000,0x00000000d5980000,0x00000000d5b80000)
 ParOldGen       total 720384K, used 719902K [0x0000000080000000, 0x00000000abf80000, 0x00000000d5580000)
  object space 720384K, 99% used [0x0000000080000000,0x00000000abf07a48,0x00000000abf80000)
 Metaspace       used 86481K, committed 88000K, reserved 1179648K
  class space    used 8663K, committed 9344K, reserved 1048576K
}
Event: 17800.462 GC heap before
{Heap before GC invocations=2831 (full 6):
 PSYoungGen      total 2560K, used 2538K [0x00000000d5580000, 0x00000000d5b80000, 0x0000000100000000)
  eden space 1536K, 100% used [0x00000000d5580000,0x00000000d5700000,0x00000000d5700000)
  from space 1024K, 97% used [0x00000000d5700000,0x00000000d57fa838,0x00000000d5800000)
  to   space 2048K, 0% used [0x00000000d5980000,0x00000000d5980000,0x00000000d5b80000)
 ParOldGen       total 720384K, used 719902K [0x0000000080000000, 0x00000000abf80000, 0x00000000d5580000)
  object space 720384K, 99% used [0x0000000080000000,0x00000000abf07a48,0x00000000abf80000)
 Metaspace       used 86481K, committed 88000K, reserved 1179648K
  class space    used 8663K, committed 9344K, reserved 1048576K
}
Event: 17800.468 GC heap after
{Heap after GC invocations=2831 (full 6):
 PSYoungGen      total 3072K, used 896K [0x00000000d5580000, 0x00000000d5a80000, 0x0000000100000000)
  eden space 2048K, 0% used [0x00000000d5580000,0x00000000d5580000,0x00000000d5780000)
  from space 1024K, 87% used [0x00000000d5980000,0x00000000d5a60030,0x00000000d5a80000)
  to   space 1536K, 0% used [0x00000000d5780000,0x00000000d5780000,0x00000000d5900000)
 ParOldGen       total 720896K, used 720803K [0x0000000080000000, 0x00000000ac000000, 0x00000000d5580000)
  object space 720896K, 99% used [0x0000000080000000,0x00000000abfe8e00,0x00000000ac000000)
 Metaspace       used 86481K, committed 88000K, reserved 1179648K
  class space    used 8663K, committed 9344K, reserved 1048576K
}
Event: 17800.625 GC heap before
{Heap before GC invocations=2832 (full 6):
 PSYoungGen      total 3072K, used 2944K [0x00000000d5580000, 0x00000000d5a80000, 0x0000000100000000)
  eden space 2048K, 100% used [0x00000000d5580000,0x00000000d5780000,0x00000000d5780000)
  from space 1024K, 87% used [0x00000000d5980000,0x00000000d5a60030,0x00000000d5a80000)
  to   space 1536K, 0% used [0x00000000d5780000,0x00000000d5780000,0x00000000d5900000)
 ParOldGen       total 720896K, used 720803K [0x0000000080000000, 0x00000000ac000000, 0x00000000d5580000)
  object space 720896K, 99% used [0x0000000080000000,0x00000000abfe8e00,0x00000000ac000000)
 Metaspace       used 86481K, committed 88000K, reserved 1179648K
  class space    used 8663K, committed 9344K, reserved 1048576K
}
Event: 17800.639 GC heap after
{Heap after GC invocations=2832 (full 6):
 PSYoungGen      total 3584K, used 1056K [0x00000000d5580000, 0x00000000d5a80000, 0x0000000100000000)
  eden space 2048K, 0% used [0x00000000d5580000,0x00000000d5580000,0x00000000d5780000)
  from space 1536K, 68% used [0x00000000d5780000,0x00000000d5888000,0x00000000d5900000)
  to   space 1536K, 0% used [0x00000000d5900000,0x00000000d5900000,0x00000000d5a80000)
 ParOldGen       total 721920K, used 721531K [0x0000000080000000, 0x00000000ac100000, 0x00000000d5580000)
  object space 721920K, 99% used [0x0000000080000000,0x00000000ac09ee20,0x00000000ac100000)
 Metaspace       used 86481K, committed 88000K, reserved 1179648K
  class space    used 8663K, committed 9344K, reserved 1048576K
}
Event: 19279.815 GC heap before
{Heap before GC invocations=2833 (full 6):
 PSYoungGen      total 3584K, used 3103K [0x00000000d5580000, 0x00000000d5a80000, 0x0000000100000000)
  eden space 2048K, 99% used [0x00000000d5580000,0x00000000d577feb8,0x00000000d5780000)
  from space 1536K, 68% used [0x00000000d5780000,0x00000000d5888000,0x00000000d5900000)
  to   space 1536K, 0% used [0x00000000d5900000,0x00000000d5900000,0x00000000d5a80000)
 ParOldGen       total 721920K, used 721531K [0x0000000080000000, 0x00000000ac100000, 0x00000000d5580000)
  object space 721920K, 99% used [0x0000000080000000,0x00000000ac09ee20,0x00000000ac100000)
 Metaspace       used 86491K, committed 88000K, reserved 1179648K
  class space    used 8663K, committed 9344K, reserved 1048576K
}
Event: 19280.213 GC heap after
{Heap after GC invocations=2833 (full 6):
 PSYoungGen      total 2560K, used 480K [0x00000000d5580000, 0x00000000d5980000, 0x0000000100000000)
  eden space 2048K, 0% used [0x00000000d5580000,0x00000000d5580000,0x00000000d5780000)
  from space 512K, 93% used [0x00000000d5900000,0x00000000d5978000,0x00000000d5980000)
  to   space 1024K, 0% used [0x00000000d5780000,0x00000000d5780000,0x00000000d5880000)
 ParOldGen       total 722944K, used 722547K [0x0000000080000000, 0x00000000ac200000, 0x00000000d5580000)
  object space 722944K, 99% used [0x0000000080000000,0x00000000ac19ce40,0x00000000ac200000)
 Metaspace       used 86491K, committed 88000K, reserved 1179648K
  class space    used 8663K, committed 9344K, reserved 1048576K
}
Event: 19280.228 GC heap before
{Heap before GC invocations=2834 (full 6):
 PSYoungGen      total 2560K, used 2528K [0x00000000d5580000, 0x00000000d5980000, 0x0000000100000000)
  eden space 2048K, 100% used [0x00000000d5580000,0x00000000d5780000,0x00000000d5780000)
  from space 512K, 93% used [0x00000000d5900000,0x00000000d5978000,0x00000000d5980000)
  to   space 1024K, 0% used [0x00000000d5780000,0x00000000d5780000,0x00000000d5880000)
 ParOldGen       total 722944K, used 722547K [0x0000000080000000, 0x00000000ac200000, 0x00000000d5580000)
  object space 722944K, 99% used [0x0000000080000000,0x00000000ac19ce40,0x00000000ac200000)
 Metaspace       used 86491K, committed 88000K, reserved 1179648K
  class space    used 8663K, committed 9344K, reserved 1048576K
}
Event: 19280.236 GC heap after
{Heap after GC invocations=2834 (full 6):
 PSYoungGen      total 3072K, used 96K [0x00000000d5580000, 0x00000000d5980000, 0x0000000100000000)
  eden space 2048K, 0% used [0x00000000d5580000,0x00000000d5580000,0x00000000d5780000)
  from space 1024K, 9% used [0x00000000d5780000,0x00000000d5798000,0x00000000d5880000)
  to   space 512K, 0% used [0x00000000d5900000,0x00000000d5900000,0x00000000d5980000)
 ParOldGen       total 723456K, used 722995K [0x0000000080000000, 0x00000000ac280000, 0x00000000d5580000)
  object space 723456K, 99% used [0x0000000080000000,0x00000000ac20ce40,0x00000000ac280000)
 Metaspace       used 86491K, committed 88000K, reserved 1179648K
  class space    used 8663K, committed 9344K, reserved 1048576K
}
Event: 23471.553 GC heap before
{Heap before GC invocations=2835 (full 6):
 PSYoungGen      total 3072K, used 2143K [0x00000000d5580000, 0x00000000d5980000, 0x0000000100000000)
  eden space 2048K, 99% used [0x00000000d5580000,0x00000000d577fff8,0x00000000d5780000)
  from space 1024K, 9% used [0x00000000d5780000,0x00000000d5798000,0x00000000d5880000)
  to   space 512K, 0% used [0x00000000d5900000,0x00000000d5900000,0x00000000d5980000)
 ParOldGen       total 723456K, used 722995K [0x0000000080000000, 0x00000000ac280000, 0x00000000d5580000)
  object space 723456K, 99% used [0x0000000080000000,0x00000000ac20ce40,0x00000000ac280000)
 Metaspace       used 86494K, committed 88000K, reserved 1179648K
  class space    used 8663K, committed 9344K, reserved 1048576K
}
Event: 23471.858 GC heap after
{Heap after GC invocations=2835 (full 6):
 PSYoungGen      total 2560K, used 128K [0x00000000d5580000, 0x00000000d5980000, 0x0000000100000000)
  eden space 2048K, 0% used [0x00000000d5580000,0x00000000d5580000,0x00000000d5780000)
  from space 512K, 25% used [0x00000000d5900000,0x00000000d5920000,0x00000000d5980000)
  to   space 512K, 0% used [0x00000000d5880000,0x00000000d5880000,0x00000000d5900000)
 ParOldGen       total 723456K, used 722995K [0x0000000080000000, 0x00000000ac280000, 0x00000000d5580000)
  object space 723456K, 99% used [0x0000000080000000,0x00000000ac20ce40,0x00000000ac280000)
 Metaspace       used 86494K, committed 88000K, reserved 1179648K
  class space    used 8663K, committed 9344K, reserved 1048576K
}

