# JRE version: OpenJDK Runtime Environment Temurin-21.0.8+9 (21.0.8+9) (build 21.0.8+9-LTS)
# Java VM: OpenJDK 64-Bit Server VM Temurin-21.0.8+9 (21.0.8+9-LTS, mixed mode, sharing, tiered, compressed oops, compressed class ptrs, parallel gc, windows-amd64)
GC Precious Log:
 CardTable entry size: 512
 CPUs: 4 total, 4 available
 Memory: 3902M
 Large Page Support: Disabled
 NUMA Support: Disabled
 Compressed Oops: Enabled (32-bit)
 Alignments: Space 512K, Generation 512K, Heap 2M
 Heap Min Capacity: 100M
 Heap Initial Capacity: 100M
 Heap Max Capacity: 2G
 Pre-touch: Disabled
 Parallel Workers: 4
Heap:
 PSYoungGen      total 6656K, used 5402K [0x00000000d5580000, 0x00000000d5d00000, 0x0000000100000000)
  eden space 5632K, 92% used [0x00000000d5580000,0x00000000d5a96870,0x00000000d5b00000)
  from space 1024K, 18% used [0x00000000d5b80000,0x00000000d5bb0000,0x00000000d5c80000)
  to   space 512K, 0% used [0x00000000d5c80000,0x00000000d5c80000,0x00000000d5d00000)
 ParOldGen       total 516096K, used 515803K [0x0000000080000000, 0x000000009f800000, 0x00000000d5580000)
  object space 516096K, 99% used [0x0000000080000000,0x000000009f7b6e60,0x000000009f800000)
 Metaspace       used 83812K, committed 85248K, reserved 1179648K
  class space    used 8623K, committed 9344K, reserved 1048576K
GC Heap History (20 events):
Event: 48483.628 GC heap before
{Heap before GC invocations=972 (full 4):
 PSYoungGen      total 6656K, used 6624K [0x00000000d5580000, 0x00000000d6000000, 0x0000000100000000)
  eden space 5632K, 100% used [0x00000000d5580000,0x00000000d5b00000,0x00000000d5b00000)
  from space 1024K, 96% used [0x00000000d5b80000,0x00000000d5c78020,0x00000000d5c80000)
  to   space 2560K, 0% used [0x00000000d5d80000,0x00000000d5d80000,0x00000000d6000000)
 ParOldGen       total 506880K, used 506706K [0x0000000080000000, 0x000000009ef00000, 0x00000000d5580000)
  object space 506880K, 99% used [0x0000000080000000,0x000000009eed4a60,0x000000009ef00000)
 Metaspace       used 83572K, committed 84928K, reserved 1179648K
  class space    used 8613K, committed 9216K, reserved 1048576K
}
Event: 48483.637 GC heap after
{Heap after GC invocations=972 (full 4):
 PSYoungGen      total 7168K, used 1088K [0x00000000d5580000, 0x00000000d5f00000, 0x0000000100000000)
  eden space 5632K, 0% used [0x00000000d5580000,0x00000000d5580000,0x00000000d5b00000)
  from space 1536K, 70% used [0x00000000d5d80000,0x00000000d5e90000,0x00000000d5f00000)
  to   space 1536K, 0% used [0x00000000d5c00000,0x00000000d5c00000,0x00000000d5d80000)
 ParOldGen       total 507904K, used 507586K [0x0000000080000000, 0x000000009f000000, 0x00000000d5580000)
  object space 507904K, 99% used [0x0000000080000000,0x000000009efb0808,0x000000009f000000)
 Metaspace       used 83572K, committed 84928K, reserved 1179648K
  class space    used 8613K, committed 9216K, reserved 1048576K
}
Event: 48483.698 GC heap before
{Heap before GC invocations=973 (full 4):
 PSYoungGen      total 7168K, used 6720K [0x00000000d5580000, 0x00000000d5f00000, 0x0000000100000000)
  eden space 5632K, 100% used [0x00000000d5580000,0x00000000d5b00000,0x00000000d5b00000)
  from space 1536K, 70% used [0x00000000d5d80000,0x00000000d5e90000,0x00000000d5f00000)
  to   space 1536K, 0% used [0x00000000d5c00000,0x00000000d5c00000,0x00000000d5d80000)
 ParOldGen       total 507904K, used 507586K [0x0000000080000000, 0x000000009f000000, 0x00000000d5580000)
  object space 507904K, 99% used [0x0000000080000000,0x000000009efb0808,0x000000009f000000)
 Metaspace       used 83573K, committed 84928K, reserved 1179648K
  class space    used 8613K, committed 9216K, reserved 1048576K
}
Event: 48483.705 GC heap after
{Heap after GC invocations=973 (full 4):
 PSYoungGen      total 6656K, used 834K [0x00000000d5580000, 0x00000000d5e00000, 0x0000000100000000)
  eden space 5632K, 0% used [0x00000000d5580000,0x00000000d5580000,0x00000000d5b00000)
  from space 1024K, 81% used [0x00000000d5c00000,0x00000000d5cd09c8,0x00000000d5d00000)
  to   space 1024K, 0% used [0x00000000d5d00000,0x00000000d5d00000,0x00000000d5e00000)
 ParOldGen       total 510464K, used 510462K [0x0000000080000000, 0x000000009f280000, 0x00000000d5580000)
  object space 510464K, 99% used [0x0000000080000000,0x000000009f27f808,0x000000009f280000)
 Metaspace       used 83573K, committed 84928K, reserved 1179648K
  class space    used 8613K, committed 9216K, reserved 1048576K
}
Event: 48483.789 GC heap before
{Heap before GC invocations=974 (full 4):
 PSYoungGen      total 6656K, used 6466K [0x00000000d5580000, 0x00000000d5e00000, 0x0000000100000000)
  eden space 5632K, 100% used [0x00000000d5580000,0x00000000d5b00000,0x00000000d5b00000)
  from space 1024K, 81% used [0x00000000d5c00000,0x00000000d5cd09c8,0x00000000d5d00000)
  to   space 1024K, 0% used [0x00000000d5d00000,0x00000000d5d00000,0x00000000d5e00000)
 ParOldGen       total 510464K, used 510462K [0x0000000080000000, 0x000000009f280000, 0x00000000d5580000)
  object space 510464K, 99% used [0x0000000080000000,0x000000009f27f808,0x000000009f280000)
 Metaspace       used 83581K, committed 84928K, reserved 1179648K
  class space    used 8614K, committed 9216K, reserved 1048576K
}
Event: 48483.794 GC heap after
{Heap after GC invocations=974 (full 4):
 PSYoungGen      total 6144K, used 384K [0x00000000d5580000, 0x00000000d5d80000, 0x0000000100000000)
  eden space 5632K, 0% used [0x00000000d5580000,0x00000000d5580000,0x00000000d5b00000)
  from space 512K, 75% used [0x00000000d5d00000,0x00000000d5d60000,0x00000000d5d80000)
  to   space 1024K, 0% used [0x00000000d5b80000,0x00000000d5b80000,0x00000000d5c80000)
 ParOldGen       total 511488K, used 511154K [0x0000000080000000, 0x000000009f380000, 0x00000000d5580000)
  object space 511488K, 99% used [0x0000000080000000,0x000000009f32caa0,0x000000009f380000)
 Metaspace       used 83581K, committed 84928K, reserved 1179648K
  class space    used 8614K, committed 9216K, reserved 1048576K
}
Event: 48483.833 GC heap before
{Heap before GC invocations=975 (full 4):
 PSYoungGen      total 6144K, used 6016K [0x00000000d5580000, 0x00000000d5d80000, 0x0000000100000000)
  eden space 5632K, 100% used [0x00000000d5580000,0x00000000d5b00000,0x00000000d5b00000)
  from space 512K, 75% used [0x00000000d5d00000,0x00000000d5d60000,0x00000000d5d80000)
  to   space 1024K, 0% used [0x00000000d5b80000,0x00000000d5b80000,0x00000000d5c80000)
 ParOldGen       total 511488K, used 511154K [0x0000000080000000, 0x000000009f380000, 0x00000000d5580000)
  object space 511488K, 99% used [0x0000000080000000,0x000000009f32caa0,0x000000009f380000)
 Metaspace       used 83598K, committed 85056K, reserved 1179648K
  class space    used 8615K, committed 9280K, reserved 1048576K
}
Event: 48483.836 GC heap after
{Heap after GC invocations=975 (full 4):
 PSYoungGen      total 6656K, used 288K [0x00000000d5580000, 0x00000000d5d80000, 0x0000000100000000)
  eden space 5632K, 0% used [0x00000000d5580000,0x00000000d5580000,0x00000000d5b00000)
  from space 1024K, 28% used [0x00000000d5b80000,0x00000000d5bc8000,0x00000000d5c80000)
  to   space 512K, 0% used [0x00000000d5d00000,0x00000000d5d00000,0x00000000d5d80000)
 ParOldGen       total 511488K, used 511426K [0x0000000080000000, 0x000000009f380000, 0x00000000d5580000)
  object space 511488K, 99% used [0x0000000080000000,0x000000009f370aa0,0x000000009f380000)
 Metaspace       used 83598K, committed 85056K, reserved 1179648K
  class space    used 8615K, committed 9280K, reserved 1048576K
}
Event: 48483.920 GC heap before
{Heap before GC invocations=976 (full 4):
 PSYoungGen      total 6656K, used 5920K [0x00000000d5580000, 0x00000000d5d80000, 0x0000000100000000)
  eden space 5632K, 100% used [0x00000000d5580000,0x00000000d5b00000,0x00000000d5b00000)
  from space 1024K, 28% used [0x00000000d5b80000,0x00000000d5bc8000,0x00000000d5c80000)
  to   space 512K, 0% used [0x00000000d5d00000,0x00000000d5d00000,0x00000000d5d80000)
 ParOldGen       total 511488K, used 511426K [0x0000000080000000, 0x000000009f380000, 0x00000000d5580000)
  object space 511488K, 99% used [0x0000000080000000,0x000000009f370aa0,0x000000009f380000)
 Metaspace       used 83626K, committed 85056K, reserved 1179648K
  class space    used 8618K, committed 9280K, reserved 1048576K
}
Event: 48483.928 GC heap after
{Heap after GC invocations=976 (full 4):
 PSYoungGen      total 6144K, used 368K [0x00000000d5580000, 0x00000000d5d80000, 0x0000000100000000)
  eden space 5632K, 0% used [0x00000000d5580000,0x00000000d5580000,0x00000000d5b00000)
  from space 512K, 71% used [0x00000000d5d00000,0x00000000d5d5c010,0x00000000d5d80000)
  to   space 512K, 0% used [0x00000000d5c80000,0x00000000d5c80000,0x00000000d5d00000)
 ParOldGen       total 512000K, used 511658K [0x0000000080000000, 0x000000009f400000, 0x00000000d5580000)
  object space 512000K, 99% used [0x0000000080000000,0x000000009f3aaaa0,0x000000009f400000)
 Metaspace       used 83626K, committed 85056K, reserved 1179648K
  class space    used 8618K, committed 9280K, reserved 1048576K
}
Event: 48483.956 GC heap before
{Heap before GC invocations=977 (full 4):
 PSYoungGen      total 6144K, used 6000K [0x00000000d5580000, 0x00000000d5d80000, 0x0000000100000000)
  eden space 5632K, 100% used [0x00000000d5580000,0x00000000d5b00000,0x00000000d5b00000)
  from space 512K, 71% used [0x00000000d5d00000,0x00000000d5d5c010,0x00000000d5d80000)
  to   space 512K, 0% used [0x00000000d5c80000,0x00000000d5c80000,0x00000000d5d00000)
 ParOldGen       total 512000K, used 511658K [0x0000000080000000, 0x000000009f400000, 0x00000000d5580000)
  object space 512000K, 99% used [0x0000000080000000,0x000000009f3aaaa0,0x000000009f400000)
 Metaspace       used 83630K, committed 85056K, reserved 1179648K
  class space    used 8619K, committed 9280K, reserved 1048576K
}
Event: 48483.961 GC heap after
{Heap after GC invocations=977 (full 4):
 PSYoungGen      total 6144K, used 423K [0x00000000d5580000, 0x00000000d5d80000, 0x0000000100000000)
  eden space 5632K, 0% used [0x00000000d5580000,0x00000000d5580000,0x00000000d5b00000)
  from space 512K, 82% used [0x00000000d5c80000,0x00000000d5ce9ce0,0x00000000d5d00000)
  to   space 512K, 0% used [0x00000000d5d00000,0x00000000d5d00000,0x00000000d5d80000)
 ParOldGen       total 514560K, used 514057K [0x0000000080000000, 0x000000009f680000, 0x00000000d5580000)
  object space 514560K, 99% used [0x0000000080000000,0x000000009f602548,0x000000009f680000)
 Metaspace       used 83630K, committed 85056K, reserved 1179648K
  class space    used 8619K, committed 9280K, reserved 1048576K
}
Event: 48484.163 GC heap before
{Heap before GC invocations=978 (full 4):
 PSYoungGen      total 6144K, used 6055K [0x00000000d5580000, 0x00000000d5d80000, 0x0000000100000000)
  eden space 5632K, 100% used [0x00000000d5580000,0x00000000d5b00000,0x00000000d5b00000)
  from space 512K, 82% used [0x00000000d5c80000,0x00000000d5ce9ce0,0x00000000d5d00000)
  to   space 512K, 0% used [0x00000000d5d00000,0x00000000d5d00000,0x00000000d5d80000)
 ParOldGen       total 514560K, used 514057K [0x0000000080000000, 0x000000009f680000, 0x00000000d5580000)
  object space 514560K, 99% used [0x0000000080000000,0x000000009f602548,0x000000009f680000)
 Metaspace       used 83657K, committed 85056K, reserved 1179648K
  class space    used 8620K, committed 9280K, reserved 1048576K
}
Event: 48484.168 GC heap after
{Heap after GC invocations=978 (full 4):
 PSYoungGen      total 6144K, used 496K [0x00000000d5580000, 0x00000000d5e00000, 0x0000000100000000)
  eden space 5632K, 0% used [0x00000000d5580000,0x00000000d5580000,0x00000000d5b00000)
  from space 512K, 96% used [0x00000000d5d00000,0x00000000d5d7c010,0x00000000d5d80000)
  to   space 1536K, 0% used [0x00000000d5b00000,0x00000000d5b00000,0x00000000d5c80000)
 ParOldGen       total 515072K, used 514732K [0x0000000080000000, 0x000000009f700000, 0x00000000d5580000)
  object space 515072K, 99% used [0x0000000080000000,0x000000009f6ab238,0x000000009f700000)
 Metaspace       used 83657K, committed 85056K, reserved 1179648K
  class space    used 8620K, committed 9280K, reserved 1048576K
}
Event: 48484.241 GC heap before
{Heap before GC invocations=979 (full 4):
 PSYoungGen      total 6144K, used 6128K [0x00000000d5580000, 0x00000000d5e00000, 0x0000000100000000)
  eden space 5632K, 100% used [0x00000000d5580000,0x00000000d5b00000,0x00000000d5b00000)
  from space 512K, 96% used [0x00000000d5d00000,0x00000000d5d7c010,0x00000000d5d80000)
  to   space 1536K, 0% used [0x00000000d5b00000,0x00000000d5b00000,0x00000000d5c80000)
 ParOldGen       total 515072K, used 514732K [0x0000000080000000, 0x000000009f700000, 0x00000000d5580000)
  object space 515072K, 99% used [0x0000000080000000,0x000000009f6ab238,0x000000009f700000)
 Metaspace       used 83677K, committed 85120K, reserved 1179648K
  class space    used 8622K, committed 9344K, reserved 1048576K
}
Event: 48484.249 GC heap after
{Heap after GC invocations=979 (full 4):
 PSYoungGen      total 7168K, used 485K [0x00000000d5580000, 0x00000000d5d80000, 0x0000000100000000)
  eden space 5632K, 0% used [0x00000000d5580000,0x00000000d5580000,0x00000000d5b00000)
  from space 1536K, 31% used [0x00000000d5b00000,0x00000000d5b794d8,0x00000000d5c80000)
  to   space 1024K, 0% used [0x00000000d5c80000,0x00000000d5c80000,0x00000000d5d80000)
 ParOldGen       total 515584K, used 515220K [0x0000000080000000, 0x000000009f780000, 0x00000000d5580000)
  object space 515584K, 99% used [0x0000000080000000,0x000000009f725268,0x000000009f780000)
 Metaspace       used 83677K, committed 85120K, reserved 1179648K
  class space    used 8622K, committed 9344K, reserved 1048576K
}
Event: 48484.356 GC heap before
{Heap before GC invocations=980 (full 4):
 PSYoungGen      total 7168K, used 4906K [0x00000000d5580000, 0x00000000d5d80000, 0x0000000100000000)
  eden space 5632K, 78% used [0x00000000d5580000,0x00000000d59d1400,0x00000000d5b00000)
  from space 1536K, 31% used [0x00000000d5b00000,0x00000000d5b794d8,0x00000000d5c80000)
  to   space 1024K, 0% used [0x00000000d5c80000,0x00000000d5c80000,0x00000000d5d80000)
 ParOldGen       total 515584K, used 515220K [0x0000000080000000, 0x000000009f780000, 0x00000000d5580000)
  object space 515584K, 99% used [0x0000000080000000,0x000000009f725268,0x000000009f780000)
 Metaspace       used 83683K, committed 85184K, reserved 1179648K
  class space    used 8623K, committed 9344K, reserved 1048576K
}
Event: 48484.359 GC heap after
{Heap after GC invocations=980 (full 4):
 PSYoungGen      total 6656K, used 512K [0x00000000d5580000, 0x00000000d5d80000, 0x0000000100000000)
  eden space 5632K, 0% used [0x00000000d5580000,0x00000000d5580000,0x00000000d5b00000)
  from space 1024K, 50% used [0x00000000d5c80000,0x00000000d5d00010,0x00000000d5d80000)
  to   space 1024K, 0% used [0x00000000d5b80000,0x00000000d5b80000,0x00000000d5c80000)
 ParOldGen       total 515584K, used 515547K [0x0000000080000000, 0x000000009f780000, 0x00000000d5580000)
  object space 515584K, 99% used [0x0000000080000000,0x000000009f776e50,0x000000009f780000)
 Metaspace       used 83683K, committed 85184K, reserved 1179648K
  class space    used 8623K, committed 9344K, reserved 1048576K
}
Event: 48484.433 GC heap before
{Heap before GC invocations=981 (full 4):
 PSYoungGen      total 6656K, used 6144K [0x00000000d5580000, 0x00000000d5d80000, 0x0000000100000000)
  eden space 5632K, 99% used [0x00000000d5580000,0x00000000d5affff0,0x00000000d5b00000)
  from space 1024K, 50% used [0x00000000d5c80000,0x00000000d5d00010,0x00000000d5d80000)
  to   space 1024K, 0% used [0x00000000d5b80000,0x00000000d5b80000,0x00000000d5c80000)
 ParOldGen       total 515584K, used 515547K [0x0000000080000000, 0x000000009f780000, 0x00000000d5580000)
  object space 515584K, 99% used [0x0000000080000000,0x000000009f776e50,0x000000009f780000)
 Metaspace       used 83720K, committed 85184K, reserved 1179648K
  class space    used 8623K, committed 9344K, reserved 1048576K
}
Event: 48484.436 GC heap after
{Heap after GC invocations=981 (full 4):
 PSYoungGen      total 6656K, used 192K [0x00000000d5580000, 0x00000000d5d00000, 0x0000000100000000)
  eden space 5632K, 0% used [0x00000000d5580000,0x00000000d5580000,0x00000000d5b00000)
  from space 1024K, 18% used [0x00000000d5b80000,0x00000000d5bb0000,0x00000000d5c80000)
  to   space 512K, 0% used [0x00000000d5c80000,0x00000000d5c80000,0x00000000d5d00000)
 ParOldGen       total 516096K, used 515803K [0x0000000080000000, 0x000000009f800000, 0x00000000d5580000)
  object space 516096K, 99% used [0x0000000080000000,0x000000009f7b6e60,0x000000009f800000)
 Metaspace       used 83720K, committed 85184K, reserved 1179648K
  class space    used 8623K, committed 9344K, reserved 1048576K
}

